Build started 6/16/2015 6:59:46 PM.
     1>Project "C:\Users\Eeplord\Source\Repos\App\CheckingAccountApp\CheckingAccountApp.vcxproj" on node 2 (Build target(s)).
     1>ClCompile:
         C:\Program Files (x86)\Microsoft Visual Studio 12.0\VC\bin\CL.exe /c /ZI /nologo /W3 /WX- /sdl /Od /Oy- /D WIN32 /D _DEBUG /D _CONSOLE /D _LIB /D _UNICODE /D UNICODE /Gm /EHsc /RTC1 /MDd /GS /fp:precise /Zc:wchar_t /Zc:forScope /Yc"stdafx.h" /Fp"Debug\CheckingAccountApp.pch" /Fo"Debug\\" /Fd"Debug\vc120.pdb" /Gd /TP /analyze- /errorReport:prompt stdafx.cpp
         stdafx.cpp
         C:\Program Files (x86)\Microsoft Visual Studio 12.0\VC\bin\CL.exe /c /ZI /nologo /W3 /WX- /sdl /Od /Oy- /D WIN32 /D _DEBUG /D _CONSOLE /D _LIB /D _UNICODE /D UNICODE /Gm /EHsc /RTC1 /MDd /GS /fp:precise /Zc:wchar_t /Zc:forScope /Yu"stdafx.h" /Fp"Debug\CheckingAccountApp.pch" /Fo"Debug\\" /Fd"Debug\vc120.pdb" /Gd /TP /analyze- /errorReport:prompt Account.cpp Crypto.cpp Date.cpp Deposit.cpp Id.cpp Main.cpp Transaction.cpp Ui.cpp Withdraw.cpp
         Account.cpp
         Generating Code...
     1>c:\users\eeplord\source\repos\app\checkingaccountapp\account.cpp(324): warning C4715: 'Account::find' : not all control paths return a value
         Skipping... (no relevant changes detected)
         Withdraw.cpp
         Ui.cpp
         Transaction.cpp
         Main.cpp
         Id.cpp
         Deposit.cpp
         Date.cpp
         Crypto.cpp
       Link:
         C:\Program Files (x86)\Microsoft Visual Studio 12.0\VC\bin\link.exe /ERRORREPORT:PROMPT /OUT:"C:\Users\Eeplord\Source\Repos\App\Debug\CheckingAccountApp.exe" /INCREMENTAL /NOLOGO kernel32.lib user32.lib gdi32.lib winspool.lib comdlg32.lib advapi32.lib shell32.lib ole32.lib oleaut32.lib uuid.lib odbc32.lib odbccp32.lib /MANIFEST /MANIFESTUAC:"level='asInvoker' uiAccess='false'" /manifest:embed /DEBUG /PDB:"C:\Users\Eeplord\Source\Repos\App\Debug\CheckingAccountApp.pdb" /SUBSYSTEM:CONSOLE /TLBID:1 /DYNAMICBASE /NXCOMPAT /IMPLIB:"C:\Users\Eeplord\Source\Repos\App\Debug\CheckingAccountApp.lib" /MACHINE:X86 Debug\Account.obj
         Debug\Crypto.obj
         Debug\Date.obj
         Debug\Deposit.obj
         Debug\Id.obj
         Debug\Main.obj
         Debug\stdafx.obj
         Debug\Transaction.obj
         Debug\Ui.obj
         Debug\Withdraw.obj
         CheckingAccountApp.vcxproj -> C:\Users\Eeplord\Source\Repos\App\Debug\CheckingAccountApp.exe
     1>Done Building Project "C:\Users\Eeplord\Source\Repos\App\CheckingAccountApp\CheckingAccountApp.vcxproj" (Build target(s)).

Build succeeded.

Time Elapsed 00:00:01.39
